<?xml version="1.0" encoding="UTF-8"?>
<!-- Generated by org.testng.reporters.JUnitXMLReporter -->
<testsuite hostname="swapnil-PC" ignored="0" name="Default test" tests="4" failures="0" timestamp="28 Oct 2019 08:07:28 GMT" time="0.047" errors="0">
  <testcase name="firstTest" time="0.016" classname="FirstSet.TestAnnotations"/>
  <testcase name="fourthTest" time="0.0" classname="FirstSet.TestAnnotations"/>
  <testcase name="secondTest" time="0.016" classname="FirstSet.TestAnnotations"/>
  <testcase name="thirdTest" time="0.0" classname="FirstSet.TestAnnotations"/>
</testsuite> <!-- Default test -->
