<?xml version="1.0" encoding="UTF-8"?>
<!-- Generated by org.testng.reporters.JUnitXMLReporter -->
<testsuite hostname="swapnil-PC" ignored="2" name="Test2" tests="1" failures="0" timestamp="05 Oct 2019 15:14:41 GMT" time="0.0" errors="0">
  <testcase name="testTwo" time="0.0" classname="FirstSet.TestBelongToSingleGroup"/>
  <testcase name="testOne" time="0.0" classname="FirstSet.TestBelongToSingleGroup">
    <ignored/>
  </testcase> <!-- testOne -->
  <testcase name="testThree" time="0.0" classname="FirstSet.TestBelongToSingleGroup">
    <ignored/>
  </testcase> <!-- testThree -->
</testsuite> <!-- Test2 -->
