<?xml version="1.0" encoding="UTF-8"?>
<!-- Generated by org.testng.reporters.JUnitXMLReporter -->
<testsuite hostname="swapnil-PC" ignored="1" name="Test" tests="2" failures="0" timestamp="28 Oct 2019 08:03:58 GMT" time="0.078" errors="0">
  <testcase name="testOne" time="0.032" classname="FirstSet.TestBelongToSingleGroup"/>
  <testcase name="testThree" time="0.0" classname="FirstSet.TestBelongToSingleGroup"/>
  <testcase name="testTwo" time="0.0" classname="FirstSet.TestBelongToSingleGroup">
    <ignored/>
  </testcase> <!-- testTwo -->
</testsuite> <!-- Test -->
