<?xml version="1.0" encoding="UTF-8"?>
<testng-results skipped="0" failed="0" ignored="0" total="4" passed="4">
  <reporter-output>
  </reporter-output>
  <suite name="Default suite" duration-ms="47" started-at="2019-10-28T08:07:28Z" finished-at="2019-10-28T08:07:28Z">
    <groups>
      <group name="smoke_group">
        <method signature="TestAnnotations.firstTest()[pri:0, instance:FirstSet.TestAnnotations@735b5592]" name="firstTest" class="FirstSet.TestAnnotations"/>
        <method signature="TestAnnotations.secondTest()[pri:0, instance:FirstSet.TestAnnotations@735b5592]" name="secondTest" class="FirstSet.TestAnnotations"/>
      </group> <!-- smoke_group -->
      <group name="sanity_group">
        <method signature="TestAnnotations.fourthTest()[pri:0, instance:FirstSet.TestAnnotations@735b5592]" name="fourthTest" class="FirstSet.TestAnnotations"/>
        <method signature="TestAnnotations.thirdTest()[pri:0, instance:FirstSet.TestAnnotations@735b5592]" name="thirdTest" class="FirstSet.TestAnnotations"/>
      </group> <!-- sanity_group -->
    </groups>
    <test name="Default test" duration-ms="47" started-at="2019-10-28T08:07:28Z" finished-at="2019-10-28T08:07:28Z">
      <class name="FirstSet.TestAnnotations">
        <test-method status="PASS" signature="beforeSuite()[pri:0, instance:FirstSet.TestAnnotations@735b5592]" name="beforeSuite" is-config="true" duration-ms="16" started-at="2019-10-28T13:37:28Z" finished-at="2019-10-28T13:37:28Z">
          <reporter-output>
          </reporter-output>
        </test-method> <!-- beforeSuite -->
        <test-method status="PASS" signature="beforeTest()[pri:0, instance:FirstSet.TestAnnotations@735b5592]" name="beforeTest" is-config="true" duration-ms="0" started-at="2019-10-28T13:37:28Z" finished-at="2019-10-28T13:37:28Z">
          <reporter-output>
          </reporter-output>
        </test-method> <!-- beforeTest -->
        <test-method status="PASS" signature="beforeClass()[pri:0, instance:FirstSet.TestAnnotations@735b5592]" name="beforeClass" is-config="true" duration-ms="0" started-at="2019-10-28T13:37:28Z" finished-at="2019-10-28T13:37:28Z">
          <reporter-output>
          </reporter-output>
        </test-method> <!-- beforeClass -->
        <test-method status="PASS" signature="firstTest()[pri:0, instance:FirstSet.TestAnnotations@735b5592]" name="firstTest" duration-ms="16" started-at="2019-10-28T13:37:28Z" finished-at="2019-10-28T13:37:28Z">
          <reporter-output>
          </reporter-output>
        </test-method> <!-- firstTest -->
        <test-method status="PASS" signature="beforeMethod()[pri:0, instance:FirstSet.TestAnnotations@735b5592]" name="beforeMethod" is-config="true" duration-ms="0" started-at="2019-10-28T13:37:28Z" finished-at="2019-10-28T13:37:28Z">
          <reporter-output>
          </reporter-output>
        </test-method> <!-- beforeMethod -->
        <test-method status="PASS" signature="fourthTest()[pri:0, instance:FirstSet.TestAnnotations@735b5592]" name="fourthTest" duration-ms="0" started-at="2019-10-28T13:37:28Z" finished-at="2019-10-28T13:37:28Z">
          <reporter-output>
          </reporter-output>
        </test-method> <!-- fourthTest -->
        <test-method status="PASS" signature="afterMethod()[pri:0, instance:FirstSet.TestAnnotations@735b5592]" name="afterMethod" is-config="true" duration-ms="0" started-at="2019-10-28T13:37:28Z" finished-at="2019-10-28T13:37:28Z">
          <reporter-output>
          </reporter-output>
        </test-method> <!-- afterMethod -->
        <test-method status="PASS" signature="secondTest()[pri:0, instance:FirstSet.TestAnnotations@735b5592]" name="secondTest" duration-ms="16" started-at="2019-10-28T13:37:28Z" finished-at="2019-10-28T13:37:28Z">
          <reporter-output>
          </reporter-output>
        </test-method> <!-- secondTest -->
        <test-method status="PASS" signature="beforeMethod()[pri:0, instance:FirstSet.TestAnnotations@735b5592]" name="beforeMethod" is-config="true" duration-ms="0" started-at="2019-10-28T13:37:28Z" finished-at="2019-10-28T13:37:28Z">
          <reporter-output>
          </reporter-output>
        </test-method> <!-- beforeMethod -->
        <test-method status="PASS" signature="afterMethod()[pri:0, instance:FirstSet.TestAnnotations@735b5592]" name="afterMethod" is-config="true" duration-ms="0" started-at="2019-10-28T13:37:28Z" finished-at="2019-10-28T13:37:28Z">
          <reporter-output>
          </reporter-output>
        </test-method> <!-- afterMethod -->
        <test-method status="PASS" signature="beforeMethod()[pri:0, instance:FirstSet.TestAnnotations@735b5592]" name="beforeMethod" is-config="true" duration-ms="0" started-at="2019-10-28T13:37:28Z" finished-at="2019-10-28T13:37:28Z">
          <reporter-output>
          </reporter-output>
        </test-method> <!-- beforeMethod -->
        <test-method status="PASS" signature="afterClass()[pri:0, instance:FirstSet.TestAnnotations@735b5592]" name="afterClass" is-config="true" duration-ms="0" started-at="2019-10-28T13:37:28Z" finished-at="2019-10-28T13:37:28Z">
          <reporter-output>
          </reporter-output>
        </test-method> <!-- afterClass -->
        <test-method status="PASS" signature="beforeMethod()[pri:0, instance:FirstSet.TestAnnotations@735b5592]" name="beforeMethod" is-config="true" duration-ms="0" started-at="2019-10-28T13:37:28Z" finished-at="2019-10-28T13:37:28Z">
          <reporter-output>
          </reporter-output>
        </test-method> <!-- beforeMethod -->
        <test-method status="PASS" signature="afterMethod()[pri:0, instance:FirstSet.TestAnnotations@735b5592]" name="afterMethod" is-config="true" duration-ms="0" started-at="2019-10-28T13:37:28Z" finished-at="2019-10-28T13:37:28Z">
          <reporter-output>
          </reporter-output>
        </test-method> <!-- afterMethod -->
        <test-method status="PASS" signature="thirdTest()[pri:0, instance:FirstSet.TestAnnotations@735b5592]" name="thirdTest" duration-ms="0" started-at="2019-10-28T13:37:28Z" finished-at="2019-10-28T13:37:28Z">
          <reporter-output>
          </reporter-output>
        </test-method> <!-- thirdTest -->
        <test-method status="PASS" signature="afterMethod()[pri:0, instance:FirstSet.TestAnnotations@735b5592]" name="afterMethod" is-config="true" duration-ms="0" started-at="2019-10-28T13:37:28Z" finished-at="2019-10-28T13:37:28Z">
          <reporter-output>
          </reporter-output>
        </test-method> <!-- afterMethod -->
        <test-method status="PASS" signature="afterTest()[pri:0, instance:FirstSet.TestAnnotations@735b5592]" name="afterTest" is-config="true" duration-ms="0" started-at="2019-10-28T13:37:28Z" finished-at="2019-10-28T13:37:28Z">
          <reporter-output>
          </reporter-output>
        </test-method> <!-- afterTest -->
        <test-method status="PASS" signature="afterSuite()[pri:0, instance:FirstSet.TestAnnotations@735b5592]" name="afterSuite" is-config="true" duration-ms="0" started-at="2019-10-28T13:37:28Z" finished-at="2019-10-28T13:37:28Z">
          <reporter-output>
          </reporter-output>
        </test-method> <!-- afterSuite -->
      </class> <!-- FirstSet.TestAnnotations -->
    </test> <!-- Default test -->
  </suite> <!-- Default suite -->
</testng-results>
